Flow report for openMSP430_fpga
Tue Apr 16 11:03:30 2019
Quartus Prime Version 18.1.0 Build 625 09/12/2018 SJ Lite Edition


---------------------
; Table of Contents ;
---------------------
  1. Legal Notice
  2. Flow Summary
  3. Flow Settings
  4. Flow Non-Default Global Settings
  5. Flow Elapsed Time
  6. Flow OS Summary
  7. Flow Log
  8. Flow Messages
  9. Flow Suppressed Messages



----------------
; Legal Notice ;
----------------
Copyright (C) 2018  Intel Corporation. All rights reserved.
Your use of Intel Corporation's design tools, logic functions 
and other software and tools, and its AMPP partner logic 
functions, and any output files from any of the foregoing 
(including device programming or simulation files), and any 
associated documentation or information are expressly subject 
to the terms and conditions of the Intel Program License 
Subscription Agreement, the Intel Quartus Prime License Agreement,
the Intel FPGA IP License Agreement, or other applicable license
agreement, including, without limitation, that your use is for
the sole purpose of programming logic devices manufactured by
Intel and sold by Intel or its authorized distributors.  Please
refer to the applicable agreement for further details.



+----------------------------------------------------------------------------------+
; Flow Summary                                                                     ;
+------------------------------------+---------------------------------------------+
; Flow Status                        ; Successful - Tue Apr 16 11:03:22 2019       ;
; Quartus Prime Version              ; 18.1.0 Build 625 09/12/2018 SJ Lite Edition ;
; Revision Name                      ; openMSP430_fpga                             ;
; Top-level Entity Name              ; openMSP430_fpga                             ;
; Family                             ; Cyclone IV E                                ;
; Device                             ; EP4CE22F17C6                                ;
; Timing Models                      ; Final                                       ;
; Total logic elements               ; 3,276 / 22,320 ( 15 % )                     ;
;     Total combinational functions  ; 3,125 / 22,320 ( 14 % )                     ;
;     Dedicated logic registers      ; 1,165 / 22,320 ( 5 % )                      ;
; Total registers                    ; 1165                                        ;
; Total pins                         ; 24 / 154 ( 16 % )                           ;
; Total virtual pins                 ; 0                                           ;
; Total memory bits                  ; 394,240 / 608,256 ( 65 % )                  ;
; Embedded Multiplier 9-bit elements ; 2 / 132 ( 2 % )                             ;
; Total PLLs                         ; 1 / 4 ( 25 % )                              ;
+------------------------------------+---------------------------------------------+


+-----------------------------------------+
; Flow Settings                           ;
+-------------------+---------------------+
; Option            ; Setting             ;
+-------------------+---------------------+
; Start date & time ; 04/16/2019 11:02:21 ;
; Main task         ; Compilation         ;
; Revision Name     ; openMSP430_fpga     ;
+-------------------+---------------------+


+--------------------------------------------------------------------------------------------------------------------------+
; Flow Non-Default Global Settings                                                                                         ;
+-------------------------------------+-----------------------------------------+---------------+-------------+------------+
; Assignment Name                     ; Value                                   ; Default Value ; Entity Name ; Section Id ;
+-------------------------------------+-----------------------------------------+---------------+-------------+------------+
; COMPILER_SIGNATURE_ID               ; 52235801857.155543774119108             ; --            ; --          ; --         ;
; MAX_CORE_JUNCTION_TEMP              ; 85                                      ; --            ; --          ; --         ;
; MIN_CORE_JUNCTION_TEMP              ; 0                                       ; --            ; --          ; --         ;
; OPTIMIZATION_TECHNIQUE              ; -- (Not supported for targeted family)  ; Balanced      ; --          ; --         ;
; PARTITION_COLOR                     ; -- (Not supported for targeted family)  ; --            ; --          ; Top        ;
; PARTITION_FITTER_PRESERVATION_LEVEL ; -- (Not supported for targeted family)  ; --            ; --          ; Top        ;
; PARTITION_NETLIST_TYPE              ; -- (Not supported for targeted family)  ; --            ; --          ; Top        ;
; PROJECT_OUTPUT_DIRECTORY            ; output_files                            ; --            ; --          ; --         ;
; SEARCH_PATH                         ; ../../../rtl/verilog/openmsp430/        ; --            ; --          ; --         ;
; SEARCH_PATH                         ; ../../../rtl/verilog/openmsp430/periph/ ; --            ; --          ; --         ;
; SEARCH_PATH                         ; ../../../rtl/verilog/opengfx430/        ; --            ; --          ; --         ;
+-------------------------------------+-----------------------------------------+---------------+-------------+------------+


+--------------------------------------------------------------------------------------------------------------------------+
; Flow Elapsed Time                                                                                                        ;
+----------------------+--------------+-------------------------+---------------------+------------------------------------+
; Module Name          ; Elapsed Time ; Average Processors Used ; Peak Virtual Memory ; Total CPU Time (on all processors) ;
+----------------------+--------------+-------------------------+---------------------+------------------------------------+
; Analysis & Synthesis ; 00:00:26     ; 1.0                     ; 1013 MB             ; 00:00:22                           ;
; Fitter               ; 00:00:29     ; 1.0                     ; 1198 MB             ; 00:00:28                           ;
; Assembler            ; 00:00:01     ; 1.0                     ; 830 MB              ; 00:00:01                           ;
; Timing Analyzer      ; 00:00:07     ; 1.0                     ; 845 MB              ; 00:00:06                           ;
; Total                ; 00:01:03     ; --                      ; --                  ; 00:00:57                           ;
+----------------------+--------------+-------------------------+---------------------+------------------------------------+


+----------------------------------------------------------------------------------------+
; Flow OS Summary                                                                        ;
+----------------------+------------------+----------------+------------+----------------+
; Module Name          ; Machine Hostname ; OS Name        ; OS Version ; Processor type ;
+----------------------+------------------+----------------+------------+----------------+
; Analysis & Synthesis ; ubuntu           ; Ubuntu 18.04.2 ; 18         ; x86_64         ;
; Fitter               ; ubuntu           ; Ubuntu 18.04.2 ; 18         ; x86_64         ;
; Assembler            ; ubuntu           ; Ubuntu 18.04.2 ; 18         ; x86_64         ;
; Timing Analyzer      ; ubuntu           ; Ubuntu 18.04.2 ; 18         ; x86_64         ;
+----------------------+------------------+----------------+------------+----------------+


------------
; Flow Log ;
------------
quartus_map --read_settings_files=on --write_settings_files=off openMSP430_fpga -c openMSP430_fpga
quartus_fit --read_settings_files=off --write_settings_files=off openMSP430_fpga -c openMSP430_fpga
quartus_asm --read_settings_files=off --write_settings_files=off openMSP430_fpga -c openMSP430_fpga
quartus_sta openMSP430_fpga -c openMSP430_fpga



